2015-03-14 21:42:41 [::1][-][-][error][yii\web\HttpException:400] exception 'yii\web\BadRequestHttpException' with message 'Unable to verify your data submission.' in C:\DAN\Code.google\apc-softdev-it112-01\trunk\Application\marktroibags3.0\vendor\yiisoft\yii2\web\Controller.php:110
Stack trace:
#0 C:\DAN\Code.google\apc-softdev-it112-01\trunk\Application\marktroibags3.0\vendor\yiisoft\yii2\base\Controller.php(149): yii\web\Controller->beforeAction(Object(yii\base\InlineAction))
#1 C:\DAN\Code.google\apc-softdev-it112-01\trunk\Application\marktroibags3.0\vendor\yiisoft\yii2\base\Module.php(455): yii\base\Controller->runAction('view', Array)
#2 C:\DAN\Code.google\apc-softdev-it112-01\trunk\Application\marktroibags3.0\vendor\yiisoft\yii2\web\Application.php(83): yii\base\Module->runAction('gii/default/vie...', Array)
#3 C:\DAN\Code.google\apc-softdev-it112-01\trunk\Application\marktroibags3.0\vendor\yiisoft\yii2\base\Application.php(375): yii\web\Application->handleRequest(Object(yii\web\Request))
#4 C:\DAN\Code.google\apc-softdev-it112-01\trunk\Application\marktroibags3.0\backend\web\index.php(18): yii\base\Application->run()
#5 {main}
2015-03-14 21:42:40 [::1][-][-][info][application] $_GET = [
    'r' => 'gii/default/view'
    'id' => 'model'
]

$_POST = [
    '_csrf' => 'MUFMZ1V6QVQAFwtWYwkjBnJyFTVmMjMkHDZ.Mmc2cSAHO3lTBiMXOw=='
    'Generator' => [
        'tableName' => 'order'
        'modelClass' => 'Order'
        'ns' => 'backend\\models'
        'baseClass' => 'yii\\db\\ActiveRecord'
        'db' => 'db'
        'useTablePrefix' => '0'
        'generateRelations' => '1'
        'generateLabelsFromComments' => '0'
        'enableI18N' => '0'
        'messageCategory' => 'app'
        'template' => 'default'
    ]
    'preview' => ''
]

$_COOKIE = [
    'PHPSESSID' => 'cgfbbhtcbe0a5lgu477pk1efr6'
    '_csrf' => '2007d182cccf5dbd71fdc72d9d6554bb601da995a0c1e97a5c0e6b37d5bed94as:32:\"0r_ZEkZPJCnvJxDz3hNtCt3OfxHjhI5i\";'
]

$_SESSION = [
    '__flash' => []
]

$_SERVER = [
    'MIBDIRS' => 'C:/xampp/php/extras/mibs'
    'MYSQL_HOME' => '\\xampp\\mysql\\bin'
    'OPENSSL_CONF' => 'C:/xampp/apache/bin/openssl.cnf'
    'PHP_PEAR_SYSCONF_DIR' => '\\xampp\\php'
    'PHPRC' => '\\xampp\\php'
    'TMP' => '\\xampp\\tmp'
    'HTTP_HOST' => 'localhost'
    'HTTP_CONNECTION' => 'keep-alive'
    'CONTENT_LENGTH' => '484'
    'HTTP_CACHE_CONTROL' => 'max-age=0'
    'HTTP_ACCEPT' => 'text/html,application/xhtml+xml,application/xml;q=0.9,image/webp,*/*;q=0.8'
    'HTTP_ORIGIN' => 'http://localhost'
    'HTTP_USER_AGENT' => 'Mozilla/5.0 (Windows NT 6.3; WOW64) AppleWebKit/537.36 (KHTML, like Gecko) Chrome/41.0.2272.89 Safari/537.36'
    'CONTENT_TYPE' => 'application/x-www-form-urlencoded'
    'HTTP_REFERER' => 'http://localhost/marktroibags3.0/backend/web/index.php?r=gii%2Fdefault%2Fview&id=model'
    'HTTP_ACCEPT_ENCODING' => 'gzip, deflate'
    'HTTP_ACCEPT_LANGUAGE' => 'en-US,en;q=0.8,es;q=0.6,fil;q=0.4'
    'HTTP_COOKIE' => 'PHPSESSID=cgfbbhtcbe0a5lgu477pk1efr6; _csrf=2007d182cccf5dbd71fdc72d9d6554bb601da995a0c1e97a5c0e6b37d5bed94as%3A32%3A%220r_ZEkZPJCnvJxDz3hNtCt3OfxHjhI5i%22%3B'
    'PATH' => 'C:\\WINDOWS\\system32;C:\\WINDOWS;C:\\WINDOWS\\System32\\Wbem;C:\\WINDOWS\\System32\\WindowsPowerShell\\v1.0\\;C:\\Program Files (x86)\\ATI Technologies\\ATI.ACE\\Core-Static;C:\\Program Files (x86)\\Windows Kits\\8.1\\Windows Performance Toolkit\\;C:\\Program Files\\Microsoft SQL Server\\110\\Tools\\Binn\\;C:\\Program Files (x86)\\Microsoft SDKs\\TypeScript\\1.0\\;C:\\Program Files\\Microsoft SQL Server\\120\\Tools\\Binn\\;C:\\Program Files\\TortoiseGit\\bin;C:\\VXIPNP\\WinNT\\Bin;C:\\xampp\\php;C:\\ProgramData\\ComposerSetup\\bin;'
    'SystemRoot' => 'C:\\WINDOWS'
    'COMSPEC' => 'C:\\WINDOWS\\system32\\cmd.exe'
    'PATHEXT' => '.COM;.EXE;.BAT;.CMD;.VBS;.VBE;.JS;.JSE;.WSF;.WSH;.MSC'
    'WINDIR' => 'C:\\WINDOWS'
    'SERVER_SIGNATURE' => '<address>Apache/2.4.10 (Win32) OpenSSL/1.0.1i PHP/5.6.3 Server at localhost Port 80</address>
'
    'SERVER_SOFTWARE' => 'Apache/2.4.10 (Win32) OpenSSL/1.0.1i PHP/5.6.3'
    'SERVER_NAME' => 'localhost'
    'SERVER_ADDR' => '::1'
    'SERVER_PORT' => '80'
    'REMOTE_ADDR' => '::1'
    'DOCUMENT_ROOT' => 'C:/xampp/htdocs'
    'REQUEST_SCHEME' => 'http'
    'CONTEXT_PREFIX' => ''
    'CONTEXT_DOCUMENT_ROOT' => 'C:/xampp/htdocs'
    'SERVER_ADMIN' => 'postmaster@localhost'
    'SCRIPT_FILENAME' => 'C:/xampp/htdocs/marktroibags3.0/backend/web/index.php'
    'REMOTE_PORT' => '53465'
    'GATEWAY_INTERFACE' => 'CGI/1.1'
    'SERVER_PROTOCOL' => 'HTTP/1.1'
    'REQUEST_METHOD' => 'POST'
    'QUERY_STRING' => 'r=gii%2Fdefault%2Fview&id=model'
    'REQUEST_URI' => '/marktroibags3.0/backend/web/index.php?r=gii%2Fdefault%2Fview&id=model'
    'SCRIPT_NAME' => '/marktroibags3.0/backend/web/index.php'
    'PHP_SELF' => '/marktroibags3.0/backend/web/index.php'
    'REQUEST_TIME_FLOAT' => 1426365760.933
    'REQUEST_TIME' => 1426365760
]
2015-03-14 21:53:39 [::1][-][-][error][yii\base\InvalidParamException] exception 'yii\base\InvalidParamException' with message 'Invalid path alias: @a' in C:\DAN\Code.google\apc-softdev-it112-01\trunk\Application\marktroibags3.0\vendor\yiisoft\yii2\BaseYii.php:152
Stack trace:
#0 C:\DAN\Code.google\apc-softdev-it112-01\trunk\Application\marktroibags3.0\vendor\yiisoft\yii2-gii\generators\crud\Generator.php(199): yii\BaseYii::getAlias('@a')
#1 C:\DAN\Code.google\apc-softdev-it112-01\trunk\Application\marktroibags3.0\vendor\yiisoft\yii2-gii\generators\crud\Generator.php(166): yii\gii\generators\crud\Generator->getViewPath()
#2 C:\DAN\Code.google\apc-softdev-it112-01\trunk\Application\marktroibags3.0\vendor\yiisoft\yii2-gii\controllers\DefaultController.php(45): yii\gii\generators\crud\Generator->generate()
#3 [internal function]: yii\gii\controllers\DefaultController->actionView('crud')
#4 C:\DAN\Code.google\apc-softdev-it112-01\trunk\Application\marktroibags3.0\vendor\yiisoft\yii2\base\InlineAction.php(55): call_user_func_array(Array, Array)
#5 C:\DAN\Code.google\apc-softdev-it112-01\trunk\Application\marktroibags3.0\vendor\yiisoft\yii2\base\Controller.php(151): yii\base\InlineAction->runWithParams(Array)
#6 C:\DAN\Code.google\apc-softdev-it112-01\trunk\Application\marktroibags3.0\vendor\yiisoft\yii2\base\Module.php(455): yii\base\Controller->runAction('view', Array)
#7 C:\DAN\Code.google\apc-softdev-it112-01\trunk\Application\marktroibags3.0\vendor\yiisoft\yii2\web\Application.php(83): yii\base\Module->runAction('gii/default/vie...', Array)
#8 C:\DAN\Code.google\apc-softdev-it112-01\trunk\Application\marktroibags3.0\vendor\yiisoft\yii2\base\Application.php(375): yii\web\Application->handleRequest(Object(yii\web\Request))
#9 C:\DAN\Code.google\apc-softdev-it112-01\trunk\Application\marktroibags3.0\backend\web\index.php(18): yii\base\Application->run()
#10 {main}
2015-03-14 21:53:39 [::1][-][-][info][application] $_GET = [
    'r' => 'gii/default/view'
    'id' => 'crud'
]

$_POST = [
    '_csrf' => 'LVp2djJPaXkaDRofeXwwKEI7PRoFAig.SwsvQHl5GjtuMk9CbTg9Cg=='
    'Generator' => [
        'modelClass' => 'backend\\models\\Product'
        'searchModelClass' => 'backend\\models\\ProductSearch'
        'controllerClass' => 'backend\\controllers\\ProductController'
        'viewPath' => '@a'
        'baseControllerClass' => 'yii\\web\\Controller'
        'indexWidgetType' => 'grid'
        'enableI18N' => '0'
        'messageCategory' => 'app'
        'template' => 'default'
    ]
    'preview' => ''
]

$_COOKIE = [
    'PHPSESSID' => 'cgfbbhtcbe0a5lgu477pk1efr6'
    '_csrf' => 'fc49597584581803318545ef26948fd153e6954d657565ba29a56d403df033bas:32:\"7WliK3YQoaKl7MAGfQY6K6sBCh94_wTs\";'
]

$_SERVER = [
    'MIBDIRS' => 'C:/xampp/php/extras/mibs'
    'MYSQL_HOME' => '\\xampp\\mysql\\bin'
    'OPENSSL_CONF' => 'C:/xampp/apache/bin/openssl.cnf'
    'PHP_PEAR_SYSCONF_DIR' => '\\xampp\\php'
    'PHPRC' => '\\xampp\\php'
    'TMP' => '\\xampp\\tmp'
    'HTTP_HOST' => 'localhost'
    'HTTP_CONNECTION' => 'keep-alive'
    'CONTENT_LENGTH' => '484'
    'HTTP_CACHE_CONTROL' => 'max-age=0'
    'HTTP_ACCEPT' => 'text/html,application/xhtml+xml,application/xml;q=0.9,image/webp,*/*;q=0.8'
    'HTTP_ORIGIN' => 'http://localhost'
    'HTTP_USER_AGENT' => 'Mozilla/5.0 (Windows NT 6.3; WOW64) AppleWebKit/537.36 (KHTML, like Gecko) Chrome/41.0.2272.89 Safari/537.36'
    'CONTENT_TYPE' => 'application/x-www-form-urlencoded'
    'HTTP_REFERER' => 'http://localhost/marktroibags3.0/backend/web/index.php?r=gii%2Fdefault%2Fview&id=crud'
    'HTTP_ACCEPT_ENCODING' => 'gzip, deflate'
    'HTTP_ACCEPT_LANGUAGE' => 'en-US,en;q=0.8,es;q=0.6,fil;q=0.4'
    'HTTP_COOKIE' => 'PHPSESSID=cgfbbhtcbe0a5lgu477pk1efr6; _csrf=fc49597584581803318545ef26948fd153e6954d657565ba29a56d403df033bas%3A32%3A%227WliK3YQoaKl7MAGfQY6K6sBCh94_wTs%22%3B'
    'PATH' => 'C:\\WINDOWS\\system32;C:\\WINDOWS;C:\\WINDOWS\\System32\\Wbem;C:\\WINDOWS\\System32\\WindowsPowerShell\\v1.0\\;C:\\Program Files (x86)\\ATI Technologies\\ATI.ACE\\Core-Static;C:\\Program Files (x86)\\Windows Kits\\8.1\\Windows Performance Toolkit\\;C:\\Program Files\\Microsoft SQL Server\\110\\Tools\\Binn\\;C:\\Program Files (x86)\\Microsoft SDKs\\TypeScript\\1.0\\;C:\\Program Files\\Microsoft SQL Server\\120\\Tools\\Binn\\;C:\\Program Files\\TortoiseGit\\bin;C:\\VXIPNP\\WinNT\\Bin;C:\\xampp\\php;C:\\ProgramData\\ComposerSetup\\bin;'
    'SystemRoot' => 'C:\\WINDOWS'
    'COMSPEC' => 'C:\\WINDOWS\\system32\\cmd.exe'
    'PATHEXT' => '.COM;.EXE;.BAT;.CMD;.VBS;.VBE;.JS;.JSE;.WSF;.WSH;.MSC'
    'WINDIR' => 'C:\\WINDOWS'
    'SERVER_SIGNATURE' => '<address>Apache/2.4.10 (Win32) OpenSSL/1.0.1i PHP/5.6.3 Server at localhost Port 80</address>
'
    'SERVER_SOFTWARE' => 'Apache/2.4.10 (Win32) OpenSSL/1.0.1i PHP/5.6.3'
    'SERVER_NAME' => 'localhost'
    'SERVER_ADDR' => '::1'
    'SERVER_PORT' => '80'
    'REMOTE_ADDR' => '::1'
    'DOCUMENT_ROOT' => 'C:/xampp/htdocs'
    'REQUEST_SCHEME' => 'http'
    'CONTEXT_PREFIX' => ''
    'CONTEXT_DOCUMENT_ROOT' => 'C:/xampp/htdocs'
    'SERVER_ADMIN' => 'postmaster@localhost'
    'SCRIPT_FILENAME' => 'C:/xampp/htdocs/marktroibags3.0/backend/web/index.php'
    'REMOTE_PORT' => '53540'
    'GATEWAY_INTERFACE' => 'CGI/1.1'
    'SERVER_PROTOCOL' => 'HTTP/1.1'
    'REQUEST_METHOD' => 'POST'
    'QUERY_STRING' => 'r=gii%2Fdefault%2Fview&id=crud'
    'REQUEST_URI' => '/marktroibags3.0/backend/web/index.php?r=gii%2Fdefault%2Fview&id=crud'
    'SCRIPT_NAME' => '/marktroibags3.0/backend/web/index.php'
    'PHP_SELF' => '/marktroibags3.0/backend/web/index.php'
    'REQUEST_TIME_FLOAT' => 1426366419.301
    'REQUEST_TIME' => 1426366419
]
